1712940331.676645 client started (14971): version 3.3a, socket /tmp/tmux-1000/default, protocol 8
1712940331.676667 on Linux 6.5.0-27-generic #28-Ubuntu SMP PREEMPT_DYNAMIC Thu Mar  7 18:21:00 UTC 2024
1712940331.676671 using libevent 2.1.12-stable (poll); ncurses 6.4
1712940331.676686 flags are 0x10010000
1712940331.676689 socket is /tmp/tmux-1000/default
1712940331.676699 trying connect
1712940331.676767 add peer 0x562a19fc1ba0: 6 ((nil))
1712940331.677003 sending message 100 to peer 0x562a19fc1ba0 (4 bytes)
1712940331.677012 sending message 111 to peer 0x562a19fc1ba0 (8 bytes)
1712940331.677026 sending message 101 to peer 0x562a19fc1ba0 (14 bytes)
1712940331.677028 sending message 109 to peer 0x562a19fc1ba0 (4 bytes)
1712940331.677031 sending message 102 to peer 0x562a19fc1ba0 (11 bytes)
1712940331.677034 sending message 108 to peer 0x562a19fc1ba0 (52 bytes)
1712940331.677037 sending message 112 to peer 0x562a19fc1ba0 (70 bytes)
1712940331.677040 sending message 112 to peer 0x562a19fc1ba0 (5 bytes)
1712940331.677043 sending message 112 to peer 0x562a19fc1ba0 (5 bytes)
1712940331.677046 sending message 112 to peer 0x562a19fc1ba0 (6 bytes)
1712940331.677048 sending message 112 to peer 0x562a19fc1ba0 (6 bytes)
1712940331.677051 sending message 112 to peer 0x562a19fc1ba0 (11 bytes)
1712940331.677054 sending message 112 to peer 0x562a19fc1ba0 (10 bytes)
1712940331.677056 sending message 112 to peer 0x562a19fc1ba0 (13 bytes)
1712940331.677059 sending message 112 to peer 0x562a19fc1ba0 (13 bytes)
1712940331.677062 sending message 112 to peer 0x562a19fc1ba0 (18 bytes)
1712940331.677073 sending message 112 to peer 0x562a19fc1ba0 (11 bytes)
1712940331.677076 sending message 112 to peer 0x562a19fc1ba0 (10 bytes)
1712940331.677079 sending message 112 to peer 0x562a19fc1ba0 (15 bytes)
1712940331.677081 sending message 112 to peer 0x562a19fc1ba0 (21 bytes)
1712940331.677084 sending message 112 to peer 0x562a19fc1ba0 (13 bytes)
1712940331.677087 sending message 112 to peer 0x562a19fc1ba0 (7 bytes)
1712940331.677089 sending message 112 to peer 0x562a19fc1ba0 (13 bytes)
1712940331.677092 sending message 112 to peer 0x562a19fc1ba0 (7 bytes)
1712940331.677095 sending message 112 to peer 0x562a19fc1ba0 (13 bytes)
1712940331.677097 sending message 112 to peer 0x562a19fc1ba0 (9 bytes)
1712940331.677100 sending message 112 to peer 0x562a19fc1ba0 (21 bytes)
1712940331.677103 sending message 112 to peer 0x562a19fc1ba0 (13 bytes)
1712940331.677105 sending message 112 to peer 0x562a19fc1ba0 (8 bytes)
1712940331.677108 sending message 112 to peer 0x562a19fc1ba0 (12 bytes)
1712940331.677111 sending message 112 to peer 0x562a19fc1ba0 (13 bytes)
1712940331.677113 sending message 112 to peer 0x562a19fc1ba0 (9 bytes)
1712940331.677116 sending message 112 to peer 0x562a19fc1ba0 (9 bytes)
1712940331.677119 sending message 112 to peer 0x562a19fc1ba0 (12 bytes)
1712940331.677121 sending message 112 to peer 0x562a19fc1ba0 (8 bytes)
1712940331.677124 sending message 112 to peer 0x562a19fc1ba0 (8 bytes)
1712940331.677126 sending message 112 to peer 0x562a19fc1ba0 (7 bytes)
1712940331.677129 sending message 112 to peer 0x562a19fc1ba0 (7 bytes)
1712940331.677132 sending message 112 to peer 0x562a19fc1ba0 (9 bytes)
1712940331.677134 sending message 112 to peer 0x562a19fc1ba0 (13 bytes)
1712940331.677137 sending message 112 to peer 0x562a19fc1ba0 (6 bytes)
1712940331.677140 sending message 112 to peer 0x562a19fc1ba0 (9 bytes)
1712940331.677142 sending message 112 to peer 0x562a19fc1ba0 (15 bytes)
1712940331.677145 sending message 112 to peer 0x562a19fc1ba0 (13 bytes)
1712940331.677148 sending message 112 to peer 0x562a19fc1ba0 (12 bytes)
1712940331.677150 sending message 112 to peer 0x562a19fc1ba0 (8 bytes)
1712940331.677153 sending message 112 to peer 0x562a19fc1ba0 (14 bytes)
1712940331.677156 sending message 112 to peer 0x562a19fc1ba0 (11 bytes)
1712940331.677158 sending message 112 to peer 0x562a19fc1ba0 (9 bytes)
1712940331.677161 sending message 112 to peer 0x562a19fc1ba0 (10 bytes)
1712940331.677164 sending message 112 to peer 0x562a19fc1ba0 (10 bytes)
1712940331.677166 sending message 112 to peer 0x562a19fc1ba0 (10 bytes)
1712940331.677176 sending message 112 to peer 0x562a19fc1ba0 (10 bytes)
1712940331.677179 sending message 112 to peer 0x562a19fc1ba0 (11 bytes)
1712940331.677181 sending message 112 to peer 0x562a19fc1ba0 (12 bytes)
1712940331.677184 sending message 112 to peer 0x562a19fc1ba0 (12 bytes)
1712940331.677187 sending message 112 to peer 0x562a19fc1ba0 (12 bytes)
1712940331.677189 sending message 112 to peer 0x562a19fc1ba0 (12 bytes)
1712940331.677192 sending message 112 to peer 0x562a19fc1ba0 (12 bytes)
1712940331.677195 sending message 112 to peer 0x562a19fc1ba0 (11 bytes)
1712940331.677197 sending message 112 to peer 0x562a19fc1ba0 (11 bytes)
1712940331.677200 sending message 112 to peer 0x562a19fc1ba0 (12 bytes)
1712940331.677203 sending message 112 to peer 0x562a19fc1ba0 (12 bytes)
1712940331.677205 sending message 112 to peer 0x562a19fc1ba0 (12 bytes)
1712940331.677218 sending message 112 to peer 0x562a19fc1ba0 (12 bytes)
1712940331.677220 sending message 112 to peer 0x562a19fc1ba0 (12 bytes)
1712940331.677223 sending message 112 to peer 0x562a19fc1ba0 (10 bytes)
1712940331.677226 sending message 112 to peer 0x562a19fc1ba0 (12 bytes)
1712940331.677228 sending message 112 to peer 0x562a19fc1ba0 (13 bytes)
1712940331.677231 sending message 112 to peer 0x562a19fc1ba0 (13 bytes)
1712940331.677234 sending message 112 to peer 0x562a19fc1ba0 (13 bytes)
1712940331.677237 sending message 112 to peer 0x562a19fc1ba0 (13 bytes)
1712940331.677239 sending message 112 to peer 0x562a19fc1ba0 (13 bytes)
1712940331.677242 sending message 112 to peer 0x562a19fc1ba0 (8 bytes)
1712940331.677245 sending message 112 to peer 0x562a19fc1ba0 (11 bytes)
1712940331.677248 sending message 112 to peer 0x562a19fc1ba0 (11 bytes)
1712940331.677250 sending message 112 to peer 0x562a19fc1ba0 (11 bytes)
1712940331.677262 sending message 112 to peer 0x562a19fc1ba0 (12 bytes)
1712940331.677264 sending message 112 to peer 0x562a19fc1ba0 (12 bytes)
1712940331.677267 sending message 112 to peer 0x562a19fc1ba0 (12 bytes)
1712940331.677269 sending message 112 to peer 0x562a19fc1ba0 (12 bytes)
1712940331.677272 sending message 112 to peer 0x562a19fc1ba0 (13 bytes)
1712940331.677275 sending message 112 to peer 0x562a19fc1ba0 (13 bytes)
1712940331.677277 sending message 112 to peer 0x562a19fc1ba0 (13 bytes)
1712940331.677280 sending message 112 to peer 0x562a19fc1ba0 (8 bytes)
1712940331.677283 sending message 112 to peer 0x562a19fc1ba0 (13 bytes)
1712940331.677285 sending message 112 to peer 0x562a19fc1ba0 (13 bytes)
1712940331.677288 sending message 112 to peer 0x562a19fc1ba0 (13 bytes)
1712940331.677291 sending message 112 to peer 0x562a19fc1ba0 (13 bytes)
1712940331.677293 sending message 112 to peer 0x562a19fc1ba0 (13 bytes)
1712940331.677296 sending message 112 to peer 0x562a19fc1ba0 (12 bytes)
1712940331.677298 sending message 112 to peer 0x562a19fc1ba0 (12 bytes)
1712940331.677301 sending message 112 to peer 0x562a19fc1ba0 (12 bytes)
1712940331.677304 sending message 112 to peer 0x562a19fc1ba0 (12 bytes)
1712940331.677306 sending message 112 to peer 0x562a19fc1ba0 (13 bytes)
1712940331.677309 sending message 112 to peer 0x562a19fc1ba0 (8 bytes)
1712940331.677312 sending message 112 to peer 0x562a19fc1ba0 (13 bytes)
1712940331.677315 sending message 112 to peer 0x562a19fc1ba0 (13 bytes)
1712940331.677318 sending message 112 to peer 0x562a19fc1ba0 (13 bytes)
1712940331.677320 sending message 112 to peer 0x562a19fc1ba0 (13 bytes)
1712940331.677323 sending message 112 to peer 0x562a19fc1ba0 (13 bytes)
1712940331.677326 sending message 112 to peer 0x562a19fc1ba0 (13 bytes)
1712940331.677329 sending message 112 to peer 0x562a19fc1ba0 (13 bytes)
1712940331.677332 sending message 112 to peer 0x562a19fc1ba0 (12 bytes)
1712940331.677334 sending message 112 to peer 0x562a19fc1ba0 (12 bytes)
1712940331.677337 sending message 112 to peer 0x562a19fc1ba0 (12 bytes)
1712940331.677340 sending message 112 to peer 0x562a19fc1ba0 (8 bytes)
1712940331.677343 sending message 112 to peer 0x562a19fc1ba0 (12 bytes)
1712940331.677349 sending message 112 to peer 0x562a19fc1ba0 (13 bytes)
1712940331.677352 sending message 112 to peer 0x562a19fc1ba0 (13 bytes)
1712940331.677355 sending message 112 to peer 0x562a19fc1ba0 (13 bytes)
1712940331.677357 sending message 112 to peer 0x562a19fc1ba0 (13 bytes)
1712940331.677360 sending message 112 to peer 0x562a19fc1ba0 (13 bytes)
1712940331.677363 sending message 112 to peer 0x562a19fc1ba0 (13 bytes)
1712940331.677365 sending message 112 to peer 0x562a19fc1ba0 (13 bytes)
1712940331.677368 sending message 112 to peer 0x562a19fc1ba0 (13 bytes)
1712940331.677371 sending message 112 to peer 0x562a19fc1ba0 (12 bytes)
1712940331.677373 sending message 112 to peer 0x562a19fc1ba0 (10 bytes)
1712940331.677376 sending message 112 to peer 0x562a19fc1ba0 (12 bytes)
1712940331.677379 sending message 112 to peer 0x562a19fc1ba0 (12 bytes)
1712940331.677382 sending message 112 to peer 0x562a19fc1ba0 (12 bytes)
1712940331.677384 sending message 112 to peer 0x562a19fc1ba0 (13 bytes)
1712940331.677387 sending message 112 to peer 0x562a19fc1ba0 (13 bytes)
1712940331.677390 sending message 112 to peer 0x562a19fc1ba0 (13 bytes)
1712940331.677392 sending message 112 to peer 0x562a19fc1ba0 (13 bytes)
1712940331.677395 sending message 112 to peer 0x562a19fc1ba0 (13 bytes)
1712940331.677398 sending message 112 to peer 0x562a19fc1ba0 (13 bytes)
1712940331.677400 sending message 112 to peer 0x562a19fc1ba0 (13 bytes)
1712940331.677403 sending message 112 to peer 0x562a19fc1ba0 (10 bytes)
1712940331.677406 sending message 112 to peer 0x562a19fc1ba0 (13 bytes)
1712940331.677409 sending message 112 to peer 0x562a19fc1ba0 (12 bytes)
1712940331.677411 sending message 112 to peer 0x562a19fc1ba0 (12 bytes)
1712940331.677414 sending message 112 to peer 0x562a19fc1ba0 (12 bytes)
1712940331.677417 sending message 112 to peer 0x562a19fc1ba0 (10 bytes)
1712940331.677420 sending message 112 to peer 0x562a19fc1ba0 (10 bytes)
1712940331.677422 sending message 112 to peer 0x562a19fc1ba0 (10 bytes)
1712940331.677425 sending message 112 to peer 0x562a19fc1ba0 (12 bytes)
1712940331.677427 sending message 112 to peer 0x562a19fc1ba0 (13 bytes)
1712940331.677430 sending message 112 to peer 0x562a19fc1ba0 (13 bytes)
1712940331.677433 sending message 112 to peer 0x562a19fc1ba0 (13 bytes)
1712940331.677435 sending message 112 to peer 0x562a19fc1ba0 (13 bytes)
1712940331.677438 sending message 112 to peer 0x562a19fc1ba0 (13 bytes)
1712940331.677441 sending message 112 to peer 0x562a19fc1ba0 (11 bytes)
1712940331.677443 sending message 112 to peer 0x562a19fc1ba0 (11 bytes)
1712940331.677446 sending message 112 to peer 0x562a19fc1ba0 (12 bytes)
1712940331.677449 sending message 112 to peer 0x562a19fc1ba0 (12 bytes)
1712940331.677451 sending message 112 to peer 0x562a19fc1ba0 (12 bytes)
1712940331.677454 sending message 112 to peer 0x562a19fc1ba0 (12 bytes)
1712940331.677457 sending message 112 to peer 0x562a19fc1ba0 (12 bytes)
1712940331.677459 sending message 112 to peer 0x562a19fc1ba0 (11 bytes)
1712940331.677462 sending message 112 to peer 0x562a19fc1ba0 (12 bytes)
1712940331.677465 sending message 112 to peer 0x562a19fc1ba0 (12 bytes)
1712940331.677467 sending message 112 to peer 0x562a19fc1ba0 (13 bytes)
1712940331.677470 sending message 112 to peer 0x562a19fc1ba0 (13 bytes)
1712940331.677473 sending message 112 to peer 0x562a19fc1ba0 (13 bytes)
1712940331.677475 sending message 112 to peer 0x562a19fc1ba0 (13 bytes)
1712940331.677478 sending message 112 to peer 0x562a19fc1ba0 (13 bytes)
1712940331.677481 sending message 112 to peer 0x562a19fc1ba0 (10 bytes)
1712940331.677483 sending message 112 to peer 0x562a19fc1ba0 (9 bytes)
1712940331.677486 sending message 112 to peer 0x562a19fc1ba0 (12 bytes)
1712940331.677489 sending message 112 to peer 0x562a19fc1ba0 (13 bytes)
1712940331.677491 sending message 112 to peer 0x562a19fc1ba0 (13 bytes)
1712940331.677494 sending message 112 to peer 0x562a19fc1ba0 (13 bytes)
1712940331.677497 sending message 112 to peer 0x562a19fc1ba0 (13 bytes)
1712940331.677499 sending message 112 to peer 0x562a19fc1ba0 (13 bytes)
1712940331.677505 sending message 112 to peer 0x562a19fc1ba0 (9 bytes)
1712940331.677508 sending message 112 to peer 0x562a19fc1ba0 (12 bytes)
1712940331.677510 sending message 112 to peer 0x562a19fc1ba0 (13 bytes)
1712940331.677513 sending message 112 to peer 0x562a19fc1ba0 (13 bytes)
1712940331.677516 sending message 112 to peer 0x562a19fc1ba0 (13 bytes)
1712940331.677518 sending message 112 to peer 0x562a19fc1ba0 (13 bytes)
1712940331.677521 sending message 112 to peer 0x562a19fc1ba0 (13 bytes)
1712940331.677524 sending message 112 to peer 0x562a19fc1ba0 (11 bytes)
1712940331.677526 sending message 112 to peer 0x562a19fc1ba0 (12 bytes)
1712940331.677529 sending message 112 to peer 0x562a19fc1ba0 (13 bytes)
1712940331.677532 sending message 112 to peer 0x562a19fc1ba0 (13 bytes)
1712940331.677534 sending message 112 to peer 0x562a19fc1ba0 (13 bytes)
1712940331.677537 sending message 112 to peer 0x562a19fc1ba0 (13 bytes)
1712940331.677540 sending message 112 to peer 0x562a19fc1ba0 (13 bytes)
1712940331.677542 sending message 112 to peer 0x562a19fc1ba0 (11 bytes)
1712940331.677545 sending message 112 to peer 0x562a19fc1ba0 (12 bytes)
1712940331.677548 sending message 112 to peer 0x562a19fc1ba0 (12 bytes)
1712940331.677550 sending message 112 to peer 0x562a19fc1ba0 (12 bytes)
1712940331.677553 sending message 112 to peer 0x562a19fc1ba0 (12 bytes)
1712940331.677556 sending message 112 to peer 0x562a19fc1ba0 (12 bytes)
1712940331.677558 sending message 112 to peer 0x562a19fc1ba0 (21 bytes)
1712940331.677561 sending message 112 to peer 0x562a19fc1ba0 (12 bytes)
1712940331.677564 sending message 112 to peer 0x562a19fc1ba0 (9 bytes)
1712940331.677566 sending message 112 to peer 0x562a19fc1ba0 (6 bytes)
1712940331.677569 sending message 112 to peer 0x562a19fc1ba0 (13 bytes)
1712940331.677572 sending message 112 to peer 0x562a19fc1ba0 (8 bytes)
1712940331.677574 sending message 112 to peer 0x562a19fc1ba0 (15 bytes)
1712940331.677577 sending message 112 to peer 0x562a19fc1ba0 (13 bytes)
1712940331.677580 sending message 112 to peer 0x562a19fc1ba0 (9 bytes)
1712940331.677582 sending message 112 to peer 0x562a19fc1ba0 (70 bytes)
1712940331.677585 sending message 112 to peer 0x562a19fc1ba0 (69 bytes)
1712940331.677588 sending message 112 to peer 0x562a19fc1ba0 (10 bytes)
1712940331.677590 sending message 112 to peer 0x562a19fc1ba0 (10 bytes)
1712940331.677593 sending message 112 to peer 0x562a19fc1ba0 (8 bytes)
1712940331.677596 sending message 112 to peer 0x562a19fc1ba0 (15 bytes)
1712940331.677598 sending message 112 to peer 0x562a19fc1ba0 (13 bytes)
1712940331.677601 sending message 112 to peer 0x562a19fc1ba0 (10 bytes)
1712940331.677603 sending message 112 to peer 0x562a19fc1ba0 (10 bytes)
1712940331.677606 sending message 112 to peer 0x562a19fc1ba0 (17 bytes)
1712940331.677609 sending message 112 to peer 0x562a19fc1ba0 (10 bytes)
1712940331.677611 sending message 112 to peer 0x562a19fc1ba0 (13 bytes)
1712940331.677614 sending message 112 to peer 0x562a19fc1ba0 (9 bytes)
1712940331.677617 sending message 112 to peer 0x562a19fc1ba0 (5 bytes)
1712940331.677619 sending message 112 to peer 0x562a19fc1ba0 (15 bytes)
1712940331.677623 sending message 104 to peer 0x562a19fc1ba0 (0 bytes)
1712940331.677626 sending message 110 to peer 0x562a19fc1ba0 (0 bytes)
1712940331.677629 sending message 107 to peer 0x562a19fc1ba0 (4 bytes)
1712940331.677631 sending message 105 to peer 0x562a19fc1ba0 (38 bytes)
1712940331.677634 sending message 105 to peer 0x562a19fc1ba0 (55 bytes)
1712940331.677637 sending message 105 to peer 0x562a19fc1ba0 (29 bytes)
1712940331.677639 sending message 105 to peer 0x562a19fc1ba0 (20 bytes)
1712940331.677642 sending message 105 to peer 0x562a19fc1ba0 (54 bytes)
1712940331.677645 sending message 105 to peer 0x562a19fc1ba0 (47 bytes)
1712940331.677647 sending message 105 to peer 0x562a19fc1ba0 (23 bytes)
1712940331.677650 sending message 105 to peer 0x562a19fc1ba0 (11 bytes)
1712940331.677653 sending message 105 to peer 0x562a19fc1ba0 (18 bytes)
1712940331.677655 sending message 105 to peer 0x562a19fc1ba0 (82 bytes)
1712940331.677662 sending message 105 to peer 0x562a19fc1ba0 (35 bytes)
1712940331.677665 sending message 105 to peer 0x562a19fc1ba0 (24 bytes)
1712940331.677667 sending message 105 to peer 0x562a19fc1ba0 (33 bytes)
1712940331.677670 sending message 105 to peer 0x562a19fc1ba0 (44 bytes)
1712940331.677673 sending message 105 to peer 0x562a19fc1ba0 (32 bytes)
1712940331.677675 sending message 105 to peer 0x562a19fc1ba0 (52 bytes)
1712940331.677678 sending message 105 to peer 0x562a19fc1ba0 (28 bytes)
1712940331.677680 sending message 105 to peer 0x562a19fc1ba0 (15 bytes)
1712940331.677683 sending message 105 to peer 0x562a19fc1ba0 (47 bytes)
1712940331.677688 sending message 105 to peer 0x562a19fc1ba0 (23 bytes)
1712940331.677691 sending message 105 to peer 0x562a19fc1ba0 (17 bytes)
1712940331.677693 sending message 105 to peer 0x562a19fc1ba0 (12 bytes)
1712940331.677696 sending message 105 to peer 0x562a19fc1ba0 (1764 bytes)
1712940331.677706 sending message 105 to peer 0x562a19fc1ba0 (16 bytes)
1712940331.677709 sending message 105 to peer 0x562a19fc1ba0 (49 bytes)
1712940331.677712 sending message 105 to peer 0x562a19fc1ba0 (16 bytes)
1712940331.677715 sending message 105 to peer 0x562a19fc1ba0 (23 bytes)
1712940331.677718 sending message 105 to peer 0x562a19fc1ba0 (58 bytes)
1712940331.677720 sending message 105 to peer 0x562a19fc1ba0 (69 bytes)
1712940331.677723 sending message 105 to peer 0x562a19fc1ba0 (223 bytes)
1712940331.677726 sending message 105 to peer 0x562a19fc1ba0 (101 bytes)
1712940331.677728 sending message 105 to peer 0x562a19fc1ba0 (56 bytes)
1712940331.677731 sending message 105 to peer 0x562a19fc1ba0 (19 bytes)
1712940331.677734 sending message 105 to peer 0x562a19fc1ba0 (18 bytes)
1712940331.677737 sending message 105 to peer 0x562a19fc1ba0 (78 bytes)
1712940331.677739 sending message 105 to peer 0x562a19fc1ba0 (19 bytes)
1712940331.677742 sending message 105 to peer 0x562a19fc1ba0 (8 bytes)
1712940331.677745 sending message 105 to peer 0x562a19fc1ba0 (27 bytes)
1712940331.677747 sending message 105 to peer 0x562a19fc1ba0 (41 bytes)
1712940331.677750 sending message 105 to peer 0x562a19fc1ba0 (22 bytes)
1712940331.677753 sending message 105 to peer 0x562a19fc1ba0 (19 bytes)
1712940331.677755 sending message 105 to peer 0x562a19fc1ba0 (18 bytes)
1712940331.677758 sending message 105 to peer 0x562a19fc1ba0 (26 bytes)
1712940331.677761 sending message 105 to peer 0x562a19fc1ba0 (35 bytes)
1712940331.677764 sending message 105 to peer 0x562a19fc1ba0 (13 bytes)
1712940331.677766 sending message 105 to peer 0x562a19fc1ba0 (9 bytes)
1712940331.677769 sending message 105 to peer 0x562a19fc1ba0 (13 bytes)
1712940331.677772 sending message 105 to peer 0x562a19fc1ba0 (18 bytes)
1712940331.677774 sending message 105 to peer 0x562a19fc1ba0 (13 bytes)
1712940331.677777 sending message 105 to peer 0x562a19fc1ba0 (41 bytes)
1712940331.677780 sending message 105 to peer 0x562a19fc1ba0 (45 bytes)
1712940331.677783 sending message 105 to peer 0x562a19fc1ba0 (33 bytes)
1712940331.677785 sending message 105 to peer 0x562a19fc1ba0 (178 bytes)
1712940331.677788 sending message 105 to peer 0x562a19fc1ba0 (23 bytes)
1712940331.677791 sending message 105 to peer 0x562a19fc1ba0 (31 bytes)
1712940331.677793 sending message 105 to peer 0x562a19fc1ba0 (23 bytes)
1712940331.677796 sending message 105 to peer 0x562a19fc1ba0 (27 bytes)
1712940331.677799 sending message 105 to peer 0x562a19fc1ba0 (21 bytes)
1712940331.677802 sending message 105 to peer 0x562a19fc1ba0 (20 bytes)
1712940331.677804 sending message 105 to peer 0x562a19fc1ba0 (16 bytes)
1712940331.677807 sending message 105 to peer 0x562a19fc1ba0 (16 bytes)
1712940331.677809 sending message 105 to peer 0x562a19fc1ba0 (76 bytes)
1712940331.677812 sending message 105 to peer 0x562a19fc1ba0 (36 bytes)
1712940331.677815 sending message 106 to peer 0x562a19fc1ba0 (0 bytes)
1712940331.677848 sending message 200 to peer 0x562a19fc1ba0 (4 bytes)
1712940331.677852 client loop enter
1712940331.680825 peer 0x562a19fc1ba0 message 207
1712940331.680839 sending message 208 to peer 0x562a19fc1ba0 (0 bytes)
1712940336.185681 peer 0x562a19fc1ba0 message 203
1712940336.185694 sending message 205 to peer 0x562a19fc1ba0 (0 bytes)
1712940336.185891 peer 0x562a19fc1ba0 message 204
1712940336.185899 client loop exit
